<?xml version="1.0" encoding="UTF-8"?>
<testng-results skipped="0" failed="0" ignored="0" total="1" passed="1">
  <reporter-output>
  </reporter-output>
  <suite name="Suite" duration-ms="40062" started-at="2019-08-10T19:14:07Z" finished-at="2019-08-10T19:14:47Z">
    <groups>
      <group name="cucumber">
        <method signature="AbstractTestNGCucumberTests.feature(cucumber.api.testng.CucumberFeatureWrapper)[pri:0, instance:cucumberOptions.TestRunner@eeefeb]" name="feature" class="cucumber.api.testng.AbstractTestNGCucumberTests"/>
      </group> <!-- cucumber -->
    </groups>
    <test name="Validating User login" duration-ms="40062" started-at="2019-08-10T19:14:07Z" finished-at="2019-08-10T19:14:47Z">
      <class name="cucumberOptions.TestRunner">
        <test-method status="PASS" signature="setUpClass()[pri:0, instance:cucumberOptions.TestRunner@eeefeb]" name="setUpClass" is-config="true" duration-ms="292" started-at="2019-08-10T19:14:07Z" finished-at="2019-08-10T19:14:07Z">
          <reporter-output>
          </reporter-output>
        </test-method> <!-- setUpClass -->
        <test-method status="PASS" signature="feature(cucumber.api.testng.CucumberFeatureWrapper)[pri:0, instance:cucumberOptions.TestRunner@eeefeb]" name="feature" duration-ms="39627" started-at="2019-08-10T19:14:07Z" description="Runs Cucumber Feature" data-provider="features" finished-at="2019-08-10T19:14:47Z">
          <params>
            <param index="0">
              <value>
                <![CDATA[Login into application]]>
              </value>
            </param>
          </params>
          <reporter-output>
          </reporter-output>
        </test-method> <!-- feature -->
        <test-method status="PASS" signature="tearDownClass()[pri:0, instance:cucumberOptions.TestRunner@eeefeb]" name="tearDownClass" is-config="true" duration-ms="10" started-at="2019-08-10T19:14:47Z" finished-at="2019-08-10T19:14:47Z">
          <reporter-output>
          </reporter-output>
        </test-method> <!-- tearDownClass -->
      </class> <!-- cucumberOptions.TestRunner -->
    </test> <!-- Validating User login -->
  </suite> <!-- Suite -->
</testng-results>
